<?xml version="1.0" encoding="UTF-8"?>
<testsuite name="com.v2.sample.babelfish.plugin.feature.chain.gateway.ChainPresenterImplTest" tests="2" skipped="0" failures="0" errors="0" timestamp="2023-02-28T13:42:33" hostname="MacBook-Pro-de-caio.local" time="0.117">
  <properties/>
  <testcase name="when fetch throws exception, assert callbacks()" classname="com.v2.sample.babelfish.plugin.feature.chain.gateway.ChainPresenterImplTest" time="0.086"/>
  <testcase name="when fetch succeeds, assert callbacks()" classname="com.v2.sample.babelfish.plugin.feature.chain.gateway.ChainPresenterImplTest" time="0.03"/>
  <system-out><![CDATA[]]></system-out>
  <system-err><![CDATA[]]></system-err>
</testsuite>
