<?xml version="1.0" encoding="UTF-8"?>
<testsuite name="com.v2.sample.babelfish.PokedexByBabelFishApplicationTests" tests="1" skipped="0" failures="0" errors="0" timestamp="2023-02-28T13:42:33" hostname="MacBook-Pro-de-caio.local" time="0.015">
  <properties/>
  <testcase name="contextLoads()" classname="com.v2.sample.babelfish.PokedexByBabelFishApplicationTests" time="0.015"/>
  <system-out><![CDATA[10:42:27.802 [Test worker] DEBUG org.springframework.test.context.BootstrapUtils - Instantiating CacheAwareContextLoaderDelegate from class [org.springframework.test.context.cache.DefaultCacheAwareContextLoaderDelegate]
10:42:27.814 [Test worker] DEBUG org.springframework.test.context.BootstrapUtils - Instantiating BootstrapContext using constructor [public org.springframework.test.context.support.DefaultBootstrapContext(java.lang.Class,org.springframework.test.context.CacheAwareContextLoaderDelegate)]
10:42:27.867 [Test worker] DEBUG org.springframework.test.context.BootstrapUtils - Instantiating TestContextBootstrapper for test class [com.v2.sample.babelfish.PokedexByBabelFishApplicationTests] from class [org.springframework.boot.test.context.SpringBootTestContextBootstrapper]
10:42:27.894 [Test worker] INFO org.springframework.boot.test.context.SpringBootTestContextBootstrapper - Neither @ContextConfiguration nor @ContextHierarchy found for test class [com.v2.sample.babelfish.PokedexByBabelFishApplicationTests], using SpringBootContextLoader
10:42:27.899 [Test worker] DEBUG org.springframework.test.context.support.AbstractContextLoader - Did not detect default resource location for test class [com.v2.sample.babelfish.PokedexByBabelFishApplicationTests]: class path resource [com/v2/sample/babelfish/PokedexByBabelFishApplicationTests-context.xml] does not exist
10:42:27.900 [Test worker] DEBUG org.springframework.test.context.support.AbstractContextLoader - Did not detect default resource location for test class [com.v2.sample.babelfish.PokedexByBabelFishApplicationTests]: class path resource [com/v2/sample/babelfish/PokedexByBabelFishApplicationTestsContext.groovy] does not exist
10:42:27.901 [Test worker] INFO org.springframework.test.context.support.AbstractContextLoader - Could not detect default resource locations for test class [com.v2.sample.babelfish.PokedexByBabelFishApplicationTests]: no resource found for suffixes {-context.xml, Context.groovy}.
10:42:27.901 [Test worker] INFO org.springframework.test.context.support.AnnotationConfigContextLoaderUtils - Could not detect default configuration classes for test class [com.v2.sample.babelfish.PokedexByBabelFishApplicationTests]: PokedexByBabelFishApplicationTests does not declare any static, non-private, non-final, nested classes annotated with @Configuration.
10:42:27.988 [Test worker] DEBUG org.springframework.test.context.support.ActiveProfilesUtils - Could not find an 'annotation declaring class' for annotation type [org.springframework.test.context.ActiveProfiles] and class [com.v2.sample.babelfish.PokedexByBabelFishApplicationTests]
10:42:28.089 [Test worker] DEBUG org.springframework.context.annotation.ClassPathScanningCandidateComponentProvider - Identified candidate component class: file [/Users/caiosanchezchristino/Desktop/Spring-Backend-Pokedex-by-BabelFish/build/classes/kotlin/main/com/v2/sample/babelfish/PokedexByBabelFishApplication.class]
10:42:28.097 [Test worker] INFO org.springframework.boot.test.context.SpringBootTestContextBootstrapper - Found @SpringBootConfiguration com.v2.sample.babelfish.PokedexByBabelFishApplication for test class com.v2.sample.babelfish.PokedexByBabelFishApplicationTests
10:42:28.307 [Test worker] DEBUG org.springframework.boot.test.context.SpringBootTestContextBootstrapper - @TestExecutionListeners is not present for class [com.v2.sample.babelfish.PokedexByBabelFishApplicationTests]: using defaults.
10:42:28.309 [Test worker] INFO org.springframework.boot.test.context.SpringBootTestContextBootstrapper - Loaded default TestExecutionListener class names from location [META-INF/spring.factories]: [org.springframework.boot.test.autoconfigure.restdocs.RestDocsTestExecutionListener, org.springframework.boot.test.autoconfigure.web.client.MockRestServiceServerResetTestExecutionListener, org.springframework.boot.test.autoconfigure.web.servlet.MockMvcPrintOnlyOnFailureTestExecutionListener, org.springframework.boot.test.autoconfigure.web.servlet.WebDriverTestExecutionListener, org.springframework.boot.test.autoconfigure.webservices.client.MockWebServiceServerTestExecutionListener, org.springframework.boot.test.mock.mockito.MockitoTestExecutionListener, org.springframework.boot.test.mock.mockito.ResetMocksTestExecutionListener, org.springframework.test.context.web.ServletTestExecutionListener, org.springframework.test.context.support.DirtiesContextBeforeModesTestExecutionListener, org.springframework.test.context.event.ApplicationEventsTestExecutionListener, org.springframework.test.context.support.DependencyInjectionTestExecutionListener, org.springframework.test.context.support.DirtiesContextTestExecutionListener, org.springframework.test.context.transaction.TransactionalTestExecutionListener, org.springframework.test.context.jdbc.SqlScriptsTestExecutionListener, org.springframework.test.context.event.EventPublishingTestExecutionListener]
10:42:28.339 [Test worker] INFO org.springframework.boot.test.context.SpringBootTestContextBootstrapper - Using TestExecutionListeners: [org.springframework.test.context.web.ServletTestExecutionListener@65bad087, org.springframework.test.context.support.DirtiesContextBeforeModesTestExecutionListener@276cc8dc, org.springframework.test.context.event.ApplicationEventsTestExecutionListener@66cd621b, org.springframework.boot.test.mock.mockito.MockitoTestExecutionListener@d3f4505, org.springframework.boot.test.autoconfigure.SpringBootDependencyInjectionTestExecutionListener@3eb292cd, org.springframework.test.context.support.DirtiesContextTestExecutionListener@7fd987ef, org.springframework.test.context.transaction.TransactionalTestExecutionListener@7209ffb5, org.springframework.test.context.jdbc.SqlScriptsTestExecutionListener@5e99b9c, org.springframework.test.context.event.EventPublishingTestExecutionListener@2fe74516, org.springframework.boot.test.autoconfigure.restdocs.RestDocsTestExecutionListener@1c3259fa, org.springframework.boot.test.autoconfigure.web.client.MockRestServiceServerResetTestExecutionListener@217bf99e, org.springframework.boot.test.autoconfigure.web.servlet.MockMvcPrintOnlyOnFailureTestExecutionListener@6807a356, org.springframework.boot.test.autoconfigure.web.servlet.WebDriverTestExecutionListener@7ddd84b5, org.springframework.boot.test.autoconfigure.webservices.client.MockWebServiceServerTestExecutionListener@73aeef7d, org.springframework.boot.test.mock.mockito.ResetMocksTestExecutionListener@d675f9f]
10:42:28.347 [Test worker] DEBUG org.springframework.test.context.support.AbstractDirtiesContextTestExecutionListener - Before test class: context [DefaultTestContext@650c405c testClass = PokedexByBabelFishApplicationTests, testInstance = [null], testMethod = [null], testException = [null], mergedContextConfiguration = [WebMergedContextConfiguration@20eaeaf8 testClass = PokedexByBabelFishApplicationTests, locations = '{}', classes = '{class com.v2.sample.babelfish.PokedexByBabelFishApplication}', contextInitializerClasses = '[]', activeProfiles = '{}', propertySourceLocations = '{}', propertySourceProperties = '{org.springframework.boot.test.context.SpringBootTestContextBootstrapper=true}', contextCustomizers = set[org.springframework.boot.test.autoconfigure.actuate.metrics.MetricsExportContextCustomizerFactory$DisableMetricExportContextCustomizer@358ab600, org.springframework.boot.test.autoconfigure.properties.PropertyMappingContextCustomizer@0, org.springframework.boot.test.autoconfigure.web.servlet.WebDriverContextCustomizerFactory$Customizer@3f50b680, org.springframework.boot.test.context.filter.ExcludeFilterContextCustomizer@6f231ced, org.springframework.boot.test.json.DuplicateJsonObjectContextCustomizerFactory$DuplicateJsonObjectContextCustomizer@f5b6e78, org.springframework.boot.test.mock.mockito.MockitoContextCustomizer@0, org.springframework.boot.test.web.client.TestRestTemplateContextCustomizer@3b48e183, org.springframework.boot.test.context.SpringBootTestArgs@1, org.springframework.boot.test.context.SpringBootTestWebEnvironment@421e361], resourceBasePath = 'src/main/webapp', contextLoader = 'org.springframework.boot.test.context.SpringBootContextLoader', parent = [null]], attributes = map['org.springframework.test.context.web.ServletTestExecutionListener.activateListener' -> true]], class annotated with @DirtiesContext [false] with mode [null].

  .   ____          _            __ _ _
 /\\ / ___'_ __ _ _(_)_ __  __ _ \ \ \ \
( ( )\___ | '_ | '_| | '_ \/ _` | \ \ \ \
 \\/  ___)| |_)| | | | | || (_| |  ) ) ) )
  '  |____| .__|_| |_|_| |_\__, | / / / /
 =========|_|==============|___/=/_/_/_/
 :: Spring Boot ::                (v2.7.7)

2023-02-28 10:42:28.972  INFO 7633 --- [    Test worker] v.s.b.PokedexByBabelFishApplicationTests : Starting PokedexByBabelFishApplicationTests using Java 11.0.11 on MacBook-Pro-de-caio.local with PID 7633 (started by caiosanchezchristino in /Users/caiosanchezchristino/Desktop/Spring-Backend-Pokedex-by-BabelFish)
2023-02-28 10:42:28.975  INFO 7633 --- [    Test worker] v.s.b.PokedexByBabelFishApplicationTests : No active profile set, falling back to 1 default profile: "default"
2023-02-28 10:42:30.212  INFO 7633 --- [    Test worker] .s.d.r.c.RepositoryConfigurationDelegate : Bootstrapping Spring Data JDBC repositories in DEFAULT mode.
2023-02-28 10:42:30.270  INFO 7633 --- [    Test worker] .s.d.r.c.RepositoryConfigurationDelegate : Finished Spring Data repository scanning in 48 ms. Found 0 JDBC repository interfaces.
2023-02-28 10:42:32.636  INFO 7633 --- [    Test worker] com.zaxxer.hikari.HikariDataSource       : HikariPool-1 - Starting...
2023-02-28 10:42:32.894  INFO 7633 --- [    Test worker] com.zaxxer.hikari.HikariDataSource       : HikariPool-1 - Start completed.
2023-02-28 10:42:33.226  INFO 7633 --- [    Test worker] v.s.b.PokedexByBabelFishApplicationTests : Started PokedexByBabelFishApplicationTests in 4.794 seconds (JVM running for 19.008)
]]></system-out>
  <system-err><![CDATA[]]></system-err>
</testsuite>
