<?xml version="1.0" encoding="UTF-8"?>
<testsuite name="com.v2.sample.babelfish.plugin.feature.unit.gateway.UnitPresenterImplTest" tests="2" skipped="0" failures="0" errors="0" timestamp="2023-02-28T13:42:33" hostname="MacBook-Pro-de-caio.local" time="0.049">
  <properties/>
  <testcase name="when fetch throws exception, assert callbacks()" classname="com.v2.sample.babelfish.plugin.feature.unit.gateway.UnitPresenterImplTest" time="0.046"/>
  <testcase name="when fetch succeeds, assert callbacks()" classname="com.v2.sample.babelfish.plugin.feature.unit.gateway.UnitPresenterImplTest" time="0.001"/>
  <system-out><![CDATA[]]></system-out>
  <system-err><![CDATA[]]></system-err>
</testsuite>
